<?xml version="1.0" encoding="UTF-8"?>
<testsuites name="DDT_CURA_TestSuite_Login" time="38.58" tests="3" failures="0" errors="0">
   <testsuite name="DDT_CURA_TestSuite_Login" tests="3" failures="0" errors="0" time="38.58" skipped="0" timestamp="02-02-2024T00:04:51" hostname="Voorukonda - DESKTOP-3O0N4S4" id="Test Suites/DDT_CURA_TestSuite/DDT_CURA_TestSuite_Login">
      <properties>
         <property name="deviceName" value=""/>
         <property name="devicePlatform" value=""/>
         <property name="logFolder" value="C:\\Users\\Voorukonda\\git\\Katalon_Automation_CURA_HealthacareServices\\Reports\\20240202_000446\\DDT_CURA_TestSuite\\DDT_CURA_TestSuite_Login\\20240202_000446"/>
         <property name="logFiles" value="C:\\Users\\Voorukonda\\git\\Katalon_Automation_CURA_HealthacareServices\\Reports\\20240202_000446\\DDT_CURA_TestSuite\\DDT_CURA_TestSuite_Login\\20240202_000446\\execution0.log"/>
         <property name="attachments" value=""/>
         <property name="hostName" value="Voorukonda - DESKTOP-3O0N4S4"/>
         <property name="os" value="Windows 11 64bit"/>
         <property name="katalonVersion" value="9.1.0.212"/>
         <property name="browser" value="Chrome 121.0.0.0"/>
         <property name="hostAddress" value="192.168.1.129"/>
         <property name="sessionId" value="577a0f3c90ba077e0c511dc9b048e8aa"/>
         <property name="seleniumVersion" value="3.141.59"/>
         <property name="proxyInformation" value="ProxyInformation { proxyOption=NO_PROXY, proxyServerType=HTTP, username=, password=********, proxyServerAddress=, proxyServerPort=0, executionList=&quot;&quot;, isApplyToDesiredCapabilities=true }"/>
         <property name="platform" value="Windows 11"/>
      </properties>
      <testcase name="Test Cases/TC_CURA_Logins/TC_CURA_DDT_Login_01" time="16.377" classname="Test Cases/TC_CURA_Logins/TC_CURA_DDT_Login_01" status="PASSED">
         <system-out><![CDATA[02-02-2024T00:04:52 - [TEST_CASE][PASSED] - Test Cases/TC_CURA_Logins/TC_CURA_DDT_Login_01: Test Cases/TC_CURA_Logins/TC_CURA_DDT_Login_01

02-02-2024T00:04:52 - [TEST_STEP][PASSED] - openBrowser(""): Browser is opened with url: ''

02-02-2024T00:04:53 - [MESSAGE][INFO] - Starting 'Chrome' driver

02-02-2024T00:04:53 - [MESSAGE][INFO] - Action delay is set to 0 milliseconds

02-02-2024T00:04:55 - [MESSAGE][PASSED] - Browser is opened with url: ''

02-02-2024T00:04:55 - [TEST_STEP][PASSED] - navigateToUrl("https://katalon-demo-cura.herokuapp.com/"): Navigate to 'https://katalon-demo-cura.herokuapp.com/' successfully

02-02-2024T00:05:02 - [MESSAGE][PASSED] - Navigate to 'https://katalon-demo-cura.herokuapp.com/' successfully

02-02-2024T00:05:02 - [TEST_STEP][PASSED] - click(findTestObject("TC_CURA_DDT_Login_01_OR/Page_CURA Healthcare Service/a_Make Appointment")): Object: 'Object Repository/TC_CURA_DDT_Login_01_OR/Page_CURA Healthcare Service/a_Make Appointment' is clicked on

02-02-2024T00:05:03 - [MESSAGE][PASSED] - Object: 'Object Repository/TC_CURA_DDT_Login_01_OR/Page_CURA Healthcare Service/a_Make Appointment' is clicked on

02-02-2024T00:05:03 - [TEST_STEP][PASSED] - setText(findTestObject("TC_CURA_DDT_Login_01_OR/Page_CURA Healthcare Service/input_Username_username"), Username): Text 'John Doe' is set on object 'Object Repository/TC_CURA_DDT_Login_01_OR/Page_CURA Healthcare Service/input_Username_username'

02-02-2024T00:05:04 - [MESSAGE][PASSED] - Text 'John Doe' is set on object 'Object Repository/TC_CURA_DDT_Login_01_OR/Page_CURA Healthcare Service/input_Username_username'

02-02-2024T00:05:04 - [TEST_STEP][PASSED] - setText(findTestObject("TC_CURA_DDT_Login_01_OR/Page_CURA Healthcare Service/input_Password_password"), Password): Text 'ThisIsNotAPassword' is set on object 'Object Repository/TC_CURA_DDT_Login_01_OR/Page_CURA Healthcare Service/input_Password_password'

02-02-2024T00:05:05 - [MESSAGE][PASSED] - Text 'ThisIsNotAPassword' is set on object 'Object Repository/TC_CURA_DDT_Login_01_OR/Page_CURA Healthcare Service/input_Password_password'

02-02-2024T00:05:05 - [TEST_STEP][PASSED] - click(findTestObject("TC_CURA_DDT_Login_01_OR/Page_CURA Healthcare Service/button_Login")): Object: 'Object Repository/TC_CURA_DDT_Login_01_OR/Page_CURA Healthcare Service/button_Login' is clicked on

02-02-2024T00:05:08 - [MESSAGE][PASSED] - Object: 'Object Repository/TC_CURA_DDT_Login_01_OR/Page_CURA Healthcare Service/button_Login' is clicked on

02-02-2024T00:05:08 - [TEST_STEP][PASSED] - closeBrowser(): Browser is closed

02-02-2024T00:05:08 - [MESSAGE][PASSED] - Browser is closed]]></system-out>
         <system-err><![CDATA[]]></system-err>
      </testcase>
      <testcase name="Test Cases/TC_CURA_Logins/TC_CURA_DDT_Login_01" time="12.268" classname="Test Cases/TC_CURA_Logins/TC_CURA_DDT_Login_01" status="PASSED">
         <system-out><![CDATA[02-02-2024T00:05:08 - [TEST_CASE][PASSED] - Test Cases/TC_CURA_Logins/TC_CURA_DDT_Login_01: Test Cases/TC_CURA_Logins/TC_CURA_DDT_Login_01

02-02-2024T00:05:08 - [TEST_STEP][PASSED] - openBrowser(""): Browser is opened with url: ''

02-02-2024T00:05:08 - [MESSAGE][INFO] - Starting 'Chrome' driver

02-02-2024T00:05:08 - [MESSAGE][INFO] - Action delay is set to 0 milliseconds

02-02-2024T00:05:09 - [MESSAGE][PASSED] - Browser is opened with url: ''

02-02-2024T00:05:09 - [TEST_STEP][PASSED] - navigateToUrl("https://katalon-demo-cura.herokuapp.com/"): Navigate to 'https://katalon-demo-cura.herokuapp.com/' successfully

02-02-2024T00:05:15 - [MESSAGE][PASSED] - Navigate to 'https://katalon-demo-cura.herokuapp.com/' successfully

02-02-2024T00:05:15 - [TEST_STEP][PASSED] - click(findTestObject("TC_CURA_DDT_Login_01_OR/Page_CURA Healthcare Service/a_Make Appointment")): Object: 'Object Repository/TC_CURA_DDT_Login_01_OR/Page_CURA Healthcare Service/a_Make Appointment' is clicked on

02-02-2024T00:05:16 - [MESSAGE][PASSED] - Object: 'Object Repository/TC_CURA_DDT_Login_01_OR/Page_CURA Healthcare Service/a_Make Appointment' is clicked on

02-02-2024T00:05:16 - [TEST_STEP][PASSED] - setText(findTestObject("TC_CURA_DDT_Login_01_OR/Page_CURA Healthcare Service/input_Username_username"), Username): Text 'John Doe' is set on object 'Object Repository/TC_CURA_DDT_Login_01_OR/Page_CURA Healthcare Service/input_Username_username'

02-02-2024T00:05:17 - [MESSAGE][PASSED] - Text 'John Doe' is set on object 'Object Repository/TC_CURA_DDT_Login_01_OR/Page_CURA Healthcare Service/input_Username_username'

02-02-2024T00:05:17 - [TEST_STEP][PASSED] - setText(findTestObject("TC_CURA_DDT_Login_01_OR/Page_CURA Healthcare Service/input_Password_password"), Password): Text 'ThisIsNotAPassword' is set on object 'Object Repository/TC_CURA_DDT_Login_01_OR/Page_CURA Healthcare Service/input_Password_password'

02-02-2024T00:05:18 - [MESSAGE][PASSED] - Text 'ThisIsNotAPassword' is set on object 'Object Repository/TC_CURA_DDT_Login_01_OR/Page_CURA Healthcare Service/input_Password_password'

02-02-2024T00:05:18 - [TEST_STEP][PASSED] - click(findTestObject("TC_CURA_DDT_Login_01_OR/Page_CURA Healthcare Service/button_Login")): Object: 'Object Repository/TC_CURA_DDT_Login_01_OR/Page_CURA Healthcare Service/button_Login' is clicked on

02-02-2024T00:05:20 - [MESSAGE][PASSED] - Object: 'Object Repository/TC_CURA_DDT_Login_01_OR/Page_CURA Healthcare Service/button_Login' is clicked on

02-02-2024T00:05:20 - [TEST_STEP][PASSED] - closeBrowser(): Browser is closed

02-02-2024T00:05:20 - [MESSAGE][PASSED] - Browser is closed]]></system-out>
         <system-err><![CDATA[]]></system-err>
      </testcase>
      <testcase name="Test Cases/TC_CURA_Logins/TC_CURA_DDT_Login_01" time="9.528" classname="Test Cases/TC_CURA_Logins/TC_CURA_DDT_Login_01" status="PASSED">
         <system-out><![CDATA[02-02-2024T00:05:20 - [TEST_CASE][PASSED] - Test Cases/TC_CURA_Logins/TC_CURA_DDT_Login_01: Test Cases/TC_CURA_Logins/TC_CURA_DDT_Login_01

02-02-2024T00:05:20 - [TEST_STEP][PASSED] - openBrowser(""): Browser is opened with url: ''

02-02-2024T00:05:20 - [MESSAGE][INFO] - Starting 'Chrome' driver

02-02-2024T00:05:20 - [MESSAGE][INFO] - Action delay is set to 0 milliseconds

02-02-2024T00:05:21 - [MESSAGE][PASSED] - Browser is opened with url: ''

02-02-2024T00:05:21 - [TEST_STEP][PASSED] - navigateToUrl("https://katalon-demo-cura.herokuapp.com/"): Navigate to 'https://katalon-demo-cura.herokuapp.com/' successfully

02-02-2024T00:05:26 - [MESSAGE][PASSED] - Navigate to 'https://katalon-demo-cura.herokuapp.com/' successfully

02-02-2024T00:05:26 - [TEST_STEP][PASSED] - click(findTestObject("TC_CURA_DDT_Login_01_OR/Page_CURA Healthcare Service/a_Make Appointment")): Object: 'Object Repository/TC_CURA_DDT_Login_01_OR/Page_CURA Healthcare Service/a_Make Appointment' is clicked on

02-02-2024T00:05:27 - [MESSAGE][PASSED] - Object: 'Object Repository/TC_CURA_DDT_Login_01_OR/Page_CURA Healthcare Service/a_Make Appointment' is clicked on

02-02-2024T00:05:27 - [TEST_STEP][PASSED] - setText(findTestObject("TC_CURA_DDT_Login_01_OR/Page_CURA Healthcare Service/input_Username_username"), Username): Text 'John Doe123' is set on object 'Object Repository/TC_CURA_DDT_Login_01_OR/Page_CURA Healthcare Service/input_Username_username'

02-02-2024T00:05:28 - [MESSAGE][PASSED] - Text 'John Doe123' is set on object 'Object Repository/TC_CURA_DDT_Login_01_OR/Page_CURA Healthcare Service/input_Username_username'

02-02-2024T00:05:28 - [TEST_STEP][PASSED] - setText(findTestObject("TC_CURA_DDT_Login_01_OR/Page_CURA Healthcare Service/input_Password_password"), Password): Text 'ThisIsNotAPassword' is set on object 'Object Repository/TC_CURA_DDT_Login_01_OR/Page_CURA Healthcare Service/input_Password_password'

02-02-2024T00:05:29 - [MESSAGE][PASSED] - Text 'ThisIsNotAPassword' is set on object 'Object Repository/TC_CURA_DDT_Login_01_OR/Page_CURA Healthcare Service/input_Password_password'

02-02-2024T00:05:29 - [TEST_STEP][PASSED] - click(findTestObject("TC_CURA_DDT_Login_01_OR/Page_CURA Healthcare Service/button_Login")): Object: 'Object Repository/TC_CURA_DDT_Login_01_OR/Page_CURA Healthcare Service/button_Login' is clicked on

02-02-2024T00:05:30 - [MESSAGE][PASSED] - Object: 'Object Repository/TC_CURA_DDT_Login_01_OR/Page_CURA Healthcare Service/button_Login' is clicked on

02-02-2024T00:05:30 - [TEST_STEP][PASSED] - closeBrowser(): Browser is closed

02-02-2024T00:05:30 - [MESSAGE][PASSED] - Browser is closed]]></system-out>
         <system-err><![CDATA[]]></system-err>
      </testcase>
      <system-out><![CDATA[02-02-2024T00:04:51 - [TEST_SUITE][PASSED] - DDT_CURA_TestSuite_Login: Test Cases/TC_CURA_Logins/TC_CURA_DDT_Login_01]]></system-out>
      <system-err><![CDATA[]]></system-err>
   </testsuite>
</testsuites>
