<?xml version="1.0" encoding="UTF-8"?>
<testsuites name="TC_CURA_TestSuite_Login_01" time="32.248" tests="3" failures="0" errors="0">
   <testsuite name="TC_CURA_TestSuite_Login_01" tests="3" failures="0" errors="0" time="32.248" skipped="0" timestamp="01-02-2024T13:16:56" hostname="Voorukonda - DESKTOP-3O0N4S4" id="Test Suites/TC_CURA_TestSuites/TC_CURA_TestSuite_Login_01">
      <properties>
         <property name="deviceName" value=""/>
         <property name="devicePlatform" value=""/>
         <property name="logFolder" value="C:\\Users\\Voorukonda\\git\\Katalon_Automation_CURA_HealthacareServices\\Reports\\20240201_131646\\TC_CURA_TestSuites\\TC_CURA_TestSuite_Login_01\\20240201_131647"/>
         <property name="logFiles" value="C:\\Users\\Voorukonda\\git\\Katalon_Automation_CURA_HealthacareServices\\Reports\\20240201_131646\\TC_CURA_TestSuites\\TC_CURA_TestSuite_Login_01\\20240201_131647\\execution0.log"/>
         <property name="attachments" value=""/>
         <property name="hostName" value="Voorukonda - DESKTOP-3O0N4S4"/>
         <property name="os" value="Windows 11 64bit"/>
         <property name="katalonVersion" value="9.1.0.212"/>
         <property name="browser" value="Chrome 121.0.0.0"/>
         <property name="hostAddress" value="192.168.1.129"/>
         <property name="sessionId" value="17d6a06bc3fca79cffa09bc62a130fca"/>
         <property name="seleniumVersion" value="3.141.59"/>
         <property name="proxyInformation" value="ProxyInformation { proxyOption=NO_PROXY, proxyServerType=HTTP, username=, password=********, proxyServerAddress=, proxyServerPort=0, executionList=&quot;&quot;, isApplyToDesiredCapabilities=true }"/>
         <property name="platform" value="Windows 11"/>
      </properties>
      <testcase name="Test Cases/TC_CURA_Logins/TC_CURA_Login_01" time="12.433" classname="Test Cases/TC_CURA_Logins/TC_CURA_Login_01" status="PASSED">
         <system-out><![CDATA[01-02-2024T13:16:56 - [TEST_CASE][PASSED] - Test Cases/TC_CURA_Logins/TC_CURA_Login_01: Test Cases/TC_CURA_Logins/TC_CURA_Login_01

01-02-2024T13:16:56 - [TEST_STEP][PASSED] - openBrowser(""): Browser is opened with url: ''

01-02-2024T13:16:57 - [MESSAGE][INFO] - Starting 'Chrome' driver

01-02-2024T13:16:57 - [MESSAGE][INFO] - Action delay is set to 0 milliseconds

01-02-2024T13:17:00 - [MESSAGE][PASSED] - Browser is opened with url: ''

01-02-2024T13:17:00 - [TEST_STEP][PASSED] - navigateToUrl("https://katalon-demo-cura.herokuapp.com/"): Navigate to 'https://katalon-demo-cura.herokuapp.com/' successfully

01-02-2024T13:17:03 - [MESSAGE][PASSED] - Navigate to 'https://katalon-demo-cura.herokuapp.com/' successfully

01-02-2024T13:17:03 - [TEST_STEP][PASSED] - click(findTestObject("Object Repository/TC_CURA_Login_01_OR/Page_CURA Healthcare Service/a_Make Appointment")): Object: 'Object Repository/TC_CURA_Login_01_OR/Page_CURA Healthcare Service/a_Make Appointment' is clicked on

01-02-2024T13:17:04 - [MESSAGE][PASSED] - Object: 'Object Repository/TC_CURA_Login_01_OR/Page_CURA Healthcare Service/a_Make Appointment' is clicked on

01-02-2024T13:17:04 - [TEST_STEP][PASSED] - click(findTestObject("Object Repository/TC_CURA_Login_01_OR/Page_CURA Healthcare Service/body_CURA Healthcare                       _fb9a78")): Object: 'Object Repository/TC_CURA_Login_01_OR/Page_CURA Healthcare Service/body_CURA Healthcare                       _fb9a78' is clicked on

01-02-2024T13:17:04 - [MESSAGE][PASSED] - Object: 'Object Repository/TC_CURA_Login_01_OR/Page_CURA Healthcare Service/body_CURA Healthcare                       _fb9a78' is clicked on

01-02-2024T13:17:04 - [TEST_STEP][PASSED] - click(findTestObject("Object Repository/TC_CURA_Login_01_OR/Page_CURA Healthcare Service/input_username")): Object: 'Object Repository/TC_CURA_Login_01_OR/Page_CURA Healthcare Service/input_username' is clicked on

01-02-2024T13:17:05 - [MESSAGE][PASSED] - Object: 'Object Repository/TC_CURA_Login_01_OR/Page_CURA Healthcare Service/input_username' is clicked on

01-02-2024T13:17:05 - [TEST_STEP][PASSED] - click(findTestObject("Object Repository/TC_CURA_Login_01_OR/Page_CURA Healthcare Service/body_CURA Healthcare                       _fb9a78_1")): Object: 'Object Repository/TC_CURA_Login_01_OR/Page_CURA Healthcare Service/body_CURA Healthcare                       _fb9a78_1' is clicked on

01-02-2024T13:17:05 - [MESSAGE][PASSED] - Object: 'Object Repository/TC_CURA_Login_01_OR/Page_CURA Healthcare Service/body_CURA Healthcare                       _fb9a78_1' is clicked on

01-02-2024T13:17:05 - [TEST_STEP][PASSED] - setText(findTestObject("Object Repository/TC_CURA_Login_01_OR/Page_CURA Healthcare Service/input_username"), "John Doe"): Text 'John Doe' is set on object 'Object Repository/TC_CURA_Login_01_OR/Page_CURA Healthcare Service/input_username'

01-02-2024T13:17:06 - [MESSAGE][PASSED] - Text 'John Doe' is set on object 'Object Repository/TC_CURA_Login_01_OR/Page_CURA Healthcare Service/input_username'

01-02-2024T13:17:06 - [TEST_STEP][PASSED] - setEncryptedText(findTestObject("Object Repository/TC_CURA_Login_01_OR/Page_CURA Healthcare Service/input_password"), "g3/DOGG74jC3Flrr3yH+3D/yKbOqqUNM"): Text ****** has been set on object 'Object Repository/TC_CURA_Login_01_OR/Page_CURA Healthcare Service/input_password'

01-02-2024T13:17:07 - [MESSAGE][PASSED] - Text ****** has been set on object 'Object Repository/TC_CURA_Login_01_OR/Page_CURA Healthcare Service/input_password'

01-02-2024T13:17:07 - [TEST_STEP][PASSED] - click(findTestObject("Object Repository/TC_CURA_Login_01_OR/Page_CURA Healthcare Service/button_Login")): Object: 'Object Repository/TC_CURA_Login_01_OR/Page_CURA Healthcare Service/button_Login' is clicked on

01-02-2024T13:17:08 - [MESSAGE][PASSED] - Object: 'Object Repository/TC_CURA_Login_01_OR/Page_CURA Healthcare Service/button_Login' is clicked on

01-02-2024T13:17:08 - [TEST_STEP][PASSED] - closeBrowser(): Browser is closed

01-02-2024T13:17:08 - [MESSAGE][PASSED] - Browser is closed]]></system-out>
         <system-err><![CDATA[]]></system-err>
      </testcase>
      <testcase name="Test Cases/TC_CURA_Logins/TC_CURA_Login_02" time="9.934" classname="Test Cases/TC_CURA_Logins/TC_CURA_Login_02" status="PASSED">
         <system-out><![CDATA[01-02-2024T13:17:08 - [TEST_CASE][PASSED] - Test Cases/TC_CURA_Logins/TC_CURA_Login_02: Test Cases/TC_CURA_Logins/TC_CURA_Login_02

01-02-2024T13:17:08 - [TEST_STEP][PASSED] - openBrowser(""): Browser is opened with url: ''

01-02-2024T13:17:08 - [MESSAGE][INFO] - Starting 'Chrome' driver

01-02-2024T13:17:08 - [MESSAGE][INFO] - Action delay is set to 0 milliseconds

01-02-2024T13:17:09 - [MESSAGE][PASSED] - Browser is opened with url: ''

01-02-2024T13:17:09 - [TEST_STEP][PASSED] - navigateToUrl("https://katalon-demo-cura.herokuapp.com/"): Navigate to 'https://katalon-demo-cura.herokuapp.com/' successfully

01-02-2024T13:17:12 - [MESSAGE][PASSED] - Navigate to 'https://katalon-demo-cura.herokuapp.com/' successfully

01-02-2024T13:17:12 - [TEST_STEP][PASSED] - click(findTestObject("Object Repository/TC_CURA_Login_02_OR/Page_CURA Healthcare Service/i_fa fa-bars")): Object: 'Object Repository/TC_CURA_Login_02_OR/Page_CURA Healthcare Service/i_fa fa-bars' is clicked on

01-02-2024T13:17:13 - [MESSAGE][PASSED] - Object: 'Object Repository/TC_CURA_Login_02_OR/Page_CURA Healthcare Service/i_fa fa-bars' is clicked on

01-02-2024T13:17:13 - [TEST_STEP][PASSED] - click(findTestObject("Object Repository/TC_CURA_Login_02_OR/Page_CURA Healthcare Service/a_Login")): Object: 'Object Repository/TC_CURA_Login_02_OR/Page_CURA Healthcare Service/a_Login' is clicked on

01-02-2024T13:17:14 - [MESSAGE][PASSED] - Object: 'Object Repository/TC_CURA_Login_02_OR/Page_CURA Healthcare Service/a_Login' is clicked on

01-02-2024T13:17:14 - [TEST_STEP][PASSED] - click(findTestObject("Object Repository/TC_CURA_Login_02_OR/Page_CURA Healthcare Service/input_username")): Object: 'Object Repository/TC_CURA_Login_02_OR/Page_CURA Healthcare Service/input_username' is clicked on

01-02-2024T13:17:14 - [MESSAGE][PASSED] - Object: 'Object Repository/TC_CURA_Login_02_OR/Page_CURA Healthcare Service/input_username' is clicked on

01-02-2024T13:17:14 - [TEST_STEP][PASSED] - click(findTestObject("Object Repository/TC_CURA_Login_02_OR/Page_CURA Healthcare Service/body_CURA Healthcare                       _fb9a78")): Object: 'Object Repository/TC_CURA_Login_02_OR/Page_CURA Healthcare Service/body_CURA Healthcare                       _fb9a78' is clicked on

01-02-2024T13:17:15 - [MESSAGE][PASSED] - Object: 'Object Repository/TC_CURA_Login_02_OR/Page_CURA Healthcare Service/body_CURA Healthcare                       _fb9a78' is clicked on

01-02-2024T13:17:15 - [TEST_STEP][PASSED] - setText(findTestObject("Object Repository/TC_CURA_Login_02_OR/Page_CURA Healthcare Service/input_username"), "John Doe123"): Text 'John Doe123' is set on object 'Object Repository/TC_CURA_Login_02_OR/Page_CURA Healthcare Service/input_username'

01-02-2024T13:17:15 - [MESSAGE][PASSED] - Text 'John Doe123' is set on object 'Object Repository/TC_CURA_Login_02_OR/Page_CURA Healthcare Service/input_username'

01-02-2024T13:17:15 - [TEST_STEP][PASSED] - setEncryptedText(findTestObject("Object Repository/TC_CURA_Login_02_OR/Page_CURA Healthcare Service/input_password"), "g3/DOGG74jC3Flrr3yH+3D/yKbOqqUNM"): Text ****** has been set on object 'Object Repository/TC_CURA_Login_02_OR/Page_CURA Healthcare Service/input_password'

01-02-2024T13:17:16 - [MESSAGE][PASSED] - Text ****** has been set on object 'Object Repository/TC_CURA_Login_02_OR/Page_CURA Healthcare Service/input_password'

01-02-2024T13:17:16 - [TEST_STEP][PASSED] - click(findTestObject("Object Repository/TC_CURA_Login_02_OR/Page_CURA Healthcare Service/button_Login")): Object: 'Object Repository/TC_CURA_Login_02_OR/Page_CURA Healthcare Service/button_Login' is clicked on

01-02-2024T13:17:18 - [MESSAGE][PASSED] - Object: 'Object Repository/TC_CURA_Login_02_OR/Page_CURA Healthcare Service/button_Login' is clicked on

01-02-2024T13:17:18 - [TEST_STEP][PASSED] - closeBrowser(): Browser is closed

01-02-2024T13:17:18 - [MESSAGE][PASSED] - Browser is closed]]></system-out>
         <system-err><![CDATA[]]></system-err>
      </testcase>
      <testcase name="Test Cases/TC_CURA_Logins/TC_CURA_Login_03" time="9.594" classname="Test Cases/TC_CURA_Logins/TC_CURA_Login_03" status="PASSED">
         <system-out><![CDATA[01-02-2024T13:17:18 - [TEST_CASE][PASSED] - Test Cases/TC_CURA_Logins/TC_CURA_Login_03: Test Cases/TC_CURA_Logins/TC_CURA_Login_03

01-02-2024T13:17:18 - [TEST_STEP][PASSED] - openBrowser(""): Browser is opened with url: ''

01-02-2024T13:17:18 - [MESSAGE][INFO] - Starting 'Chrome' driver

01-02-2024T13:17:18 - [MESSAGE][INFO] - Action delay is set to 0 milliseconds

01-02-2024T13:17:19 - [MESSAGE][PASSED] - Browser is opened with url: ''

01-02-2024T13:17:19 - [TEST_STEP][PASSED] - navigateToUrl("https://katalon-demo-cura.herokuapp.com/"): Navigate to 'https://katalon-demo-cura.herokuapp.com/' successfully

01-02-2024T13:17:22 - [MESSAGE][PASSED] - Navigate to 'https://katalon-demo-cura.herokuapp.com/' successfully

01-02-2024T13:17:22 - [TEST_STEP][PASSED] - click(findTestObject("Object Repository/TC_CURA_Login_03_OR/Page_CURA Healthcare Service/i_fa fa-bars")): Object: 'Object Repository/TC_CURA_Login_03_OR/Page_CURA Healthcare Service/i_fa fa-bars' is clicked on

01-02-2024T13:17:22 - [MESSAGE][PASSED] - Object: 'Object Repository/TC_CURA_Login_03_OR/Page_CURA Healthcare Service/i_fa fa-bars' is clicked on

01-02-2024T13:17:22 - [TEST_STEP][PASSED] - click(findTestObject("Object Repository/TC_CURA_Login_03_OR/Page_CURA Healthcare Service/a_Login")): Object: 'Object Repository/TC_CURA_Login_03_OR/Page_CURA Healthcare Service/a_Login' is clicked on

01-02-2024T13:17:23 - [MESSAGE][PASSED] - Object: 'Object Repository/TC_CURA_Login_03_OR/Page_CURA Healthcare Service/a_Login' is clicked on

01-02-2024T13:17:23 - [TEST_STEP][PASSED] - click(findTestObject("Object Repository/TC_CURA_Login_03_OR/Page_CURA Healthcare Service/input_username")): Object: 'Object Repository/TC_CURA_Login_03_OR/Page_CURA Healthcare Service/input_username' is clicked on

01-02-2024T13:17:24 - [MESSAGE][PASSED] - Object: 'Object Repository/TC_CURA_Login_03_OR/Page_CURA Healthcare Service/input_username' is clicked on

01-02-2024T13:17:24 - [TEST_STEP][PASSED] - click(findTestObject("Object Repository/TC_CURA_Login_03_OR/Page_CURA Healthcare Service/body_CURA Healthcare                       _fb9a78")): Object: 'Object Repository/TC_CURA_Login_03_OR/Page_CURA Healthcare Service/body_CURA Healthcare                       _fb9a78' is clicked on

01-02-2024T13:17:24 - [MESSAGE][PASSED] - Object: 'Object Repository/TC_CURA_Login_03_OR/Page_CURA Healthcare Service/body_CURA Healthcare                       _fb9a78' is clicked on

01-02-2024T13:17:24 - [TEST_STEP][PASSED] - setText(findTestObject("Object Repository/TC_CURA_Login_03_OR/Page_CURA Healthcare Service/input_username"), "John Doe"): Text 'John Doe' is set on object 'Object Repository/TC_CURA_Login_03_OR/Page_CURA Healthcare Service/input_username'

01-02-2024T13:17:25 - [MESSAGE][PASSED] - Text 'John Doe' is set on object 'Object Repository/TC_CURA_Login_03_OR/Page_CURA Healthcare Service/input_username'

01-02-2024T13:17:25 - [TEST_STEP][PASSED] - setEncryptedText(findTestObject("Object Repository/TC_CURA_Login_03_OR/Page_CURA Healthcare Service/input_password"), "g3/DOGG74jC3Flrr3yH+3D/yKbOqqUNM"): Text ****** has been set on object 'Object Repository/TC_CURA_Login_03_OR/Page_CURA Healthcare Service/input_password'

01-02-2024T13:17:26 - [MESSAGE][PASSED] - Text ****** has been set on object 'Object Repository/TC_CURA_Login_03_OR/Page_CURA Healthcare Service/input_password'

01-02-2024T13:17:26 - [TEST_STEP][PASSED] - click(findTestObject("Object Repository/TC_CURA_Login_03_OR/Page_CURA Healthcare Service/button_Login")): Object: 'Object Repository/TC_CURA_Login_03_OR/Page_CURA Healthcare Service/button_Login' is clicked on

01-02-2024T13:17:27 - [MESSAGE][PASSED] - Object: 'Object Repository/TC_CURA_Login_03_OR/Page_CURA Healthcare Service/button_Login' is clicked on

01-02-2024T13:17:27 - [TEST_STEP][PASSED] - closeBrowser(): Browser is closed

01-02-2024T13:17:28 - [MESSAGE][PASSED] - Browser is closed]]></system-out>
         <system-err><![CDATA[]]></system-err>
      </testcase>
      <system-out><![CDATA[01-02-2024T13:16:56 - [TEST_SUITE][PASSED] - TC_CURA_TestSuite_Login_01: Test Cases/TC_CURA_Logins/TC_CURA_Login_03]]></system-out>
      <system-err><![CDATA[]]></system-err>
   </testsuite>
</testsuites>
