<?xml version="1.0" encoding="UTF-8"?>
<testsuites name="TC_CURA_TestSuite_Make_Appointments_01" time="49.876" tests="4" failures="0" errors="0">
   <testsuite name="TC_CURA_TestSuite_Make_Appointments_01" tests="4" failures="0" errors="0" time="49.876" skipped="0" timestamp="01-02-2024T13:07:45" hostname="Voorukonda - DESKTOP-3O0N4S4" id="Test Suites/TC_CURA_TestSuites/TC_CURA_TestSuite_Make_Appointments_01">
      <properties>
         <property name="deviceName" value=""/>
         <property name="devicePlatform" value=""/>
         <property name="logFolder" value="C:\\Users\\Voorukonda\\git\\Katalon_Automation_CURA_HealthacareServices\\Reports\\20240201_130739\\TC_CURA_TestSuites\\TC_CURA_TestSuite_Make_Appointments_01\\20240201_130740"/>
         <property name="logFiles" value="C:\\Users\\Voorukonda\\git\\Katalon_Automation_CURA_HealthacareServices\\Reports\\20240201_130739\\TC_CURA_TestSuites\\TC_CURA_TestSuite_Make_Appointments_01\\20240201_130740\\execution0.log"/>
         <property name="attachments" value=""/>
         <property name="hostName" value="Voorukonda - DESKTOP-3O0N4S4"/>
         <property name="os" value="Windows 11 64bit"/>
         <property name="katalonVersion" value="9.1.0.212"/>
         <property name="browser" value="Chrome 121.0.0.0"/>
         <property name="hostAddress" value="192.168.1.129"/>
         <property name="sessionId" value="a138ba06ab0470cbfb92c5a4566ecdc1"/>
         <property name="seleniumVersion" value="3.141.59"/>
         <property name="proxyInformation" value="ProxyInformation { proxyOption=NO_PROXY, proxyServerType=HTTP, username=, password=********, proxyServerAddress=, proxyServerPort=0, executionList=&quot;&quot;, isApplyToDesiredCapabilities=true }"/>
         <property name="platform" value="Windows 11"/>
      </properties>
      <testcase name="Test Cases/TC_CURA_Make_Appointments/TC_CURA_Make_Appointment_01" time="14.365" classname="Test Cases/TC_CURA_Make_Appointments/TC_CURA_Make_Appointment_01" status="PASSED">
         <system-out><![CDATA[01-02-2024T13:07:46 - [TEST_CASE][PASSED] - Test Cases/TC_CURA_Make_Appointments/TC_CURA_Make_Appointment_01: Test Cases/TC_CURA_Make_Appointments/TC_CURA_Make_Appointment_01

01-02-2024T13:07:46 - [TEST_STEP][PASSED] - openBrowser(""): Browser is opened with url: ''

01-02-2024T13:07:47 - [MESSAGE][INFO] - Starting 'Chrome' driver

01-02-2024T13:07:47 - [MESSAGE][INFO] - Action delay is set to 0 milliseconds

01-02-2024T13:07:49 - [MESSAGE][PASSED] - Browser is opened with url: ''

01-02-2024T13:07:49 - [TEST_STEP][PASSED] - navigateToUrl("https://katalon-demo-cura.herokuapp.com/"): Navigate to 'https://katalon-demo-cura.herokuapp.com/' successfully

01-02-2024T13:07:52 - [MESSAGE][PASSED] - Navigate to 'https://katalon-demo-cura.herokuapp.com/' successfully

01-02-2024T13:07:52 - [TEST_STEP][PASSED] - click(findTestObject("Object Repository/TC_CURA_Make_Appointment_01_OR/Page_CURA Healthcare Service/a_Make Appointment")): Object: 'Object Repository/TC_CURA_Make_Appointment_01_OR/Page_CURA Healthcare Service/a_Make Appointment' is clicked on

01-02-2024T13:07:53 - [MESSAGE][PASSED] - Object: 'Object Repository/TC_CURA_Make_Appointment_01_OR/Page_CURA Healthcare Service/a_Make Appointment' is clicked on

01-02-2024T13:07:53 - [TEST_STEP][PASSED] - click(findTestObject("Object Repository/TC_CURA_Make_Appointment_01_OR/Page_CURA Healthcare Service/a_Make Appointment")): Object: 'Object Repository/TC_CURA_Make_Appointment_01_OR/Page_CURA Healthcare Service/a_Make Appointment' is clicked on

01-02-2024T13:07:53 - [MESSAGE][PASSED] - Object: 'Object Repository/TC_CURA_Make_Appointment_01_OR/Page_CURA Healthcare Service/a_Make Appointment' is clicked on

01-02-2024T13:07:53 - [TEST_STEP][PASSED] - setText(findTestObject("Object Repository/TC_CURA_Make_Appointment_01_OR/Page_CURA Healthcare Service/input_username"), "John Doe"): Text 'John Doe' is set on object 'Object Repository/TC_CURA_Make_Appointment_01_OR/Page_CURA Healthcare Service/input_username'

01-02-2024T13:07:54 - [MESSAGE][PASSED] - Text 'John Doe' is set on object 'Object Repository/TC_CURA_Make_Appointment_01_OR/Page_CURA Healthcare Service/input_username'

01-02-2024T13:07:54 - [TEST_STEP][PASSED] - setEncryptedText(findTestObject("Object Repository/TC_CURA_Make_Appointment_01_OR/Page_CURA Healthcare Service/input_password"), "g3/DOGG74jC3Flrr3yH+3D/yKbOqqUNM"): Text ****** has been set on object 'Object Repository/TC_CURA_Make_Appointment_01_OR/Page_CURA Healthcare Service/input_password'

01-02-2024T13:07:55 - [MESSAGE][PASSED] - Text ****** has been set on object 'Object Repository/TC_CURA_Make_Appointment_01_OR/Page_CURA Healthcare Service/input_password'

01-02-2024T13:07:55 - [TEST_STEP][PASSED] - click(findTestObject("Object Repository/TC_CURA_Make_Appointment_01_OR/Page_CURA Healthcare Service/button_Login")): Object: 'Object Repository/TC_CURA_Make_Appointment_01_OR/Page_CURA Healthcare Service/button_Login' is clicked on

01-02-2024T13:07:57 - [MESSAGE][PASSED] - Object: 'Object Repository/TC_CURA_Make_Appointment_01_OR/Page_CURA Healthcare Service/button_Login' is clicked on

01-02-2024T13:07:57 - [TEST_STEP][PASSED] - click(findTestObject("Object Repository/TC_CURA_Make_Appointment_01_OR/Page_CURA Healthcare Service/span_glyphicon glyphicon-calendar")): Object: 'Object Repository/TC_CURA_Make_Appointment_01_OR/Page_CURA Healthcare Service/span_glyphicon glyphicon-calendar' is clicked on

01-02-2024T13:07:57 - [MESSAGE][PASSED] - Object: 'Object Repository/TC_CURA_Make_Appointment_01_OR/Page_CURA Healthcare Service/span_glyphicon glyphicon-calendar' is clicked on

01-02-2024T13:07:57 - [TEST_STEP][PASSED] - click(findTestObject("Object Repository/TC_CURA_Make_Appointment_01_OR/Page_CURA Healthcare Service/td_30")): Object: 'Object Repository/TC_CURA_Make_Appointment_01_OR/Page_CURA Healthcare Service/td_30' is clicked on

01-02-2024T13:07:58 - [MESSAGE][PASSED] - Object: 'Object Repository/TC_CURA_Make_Appointment_01_OR/Page_CURA Healthcare Service/td_30' is clicked on

01-02-2024T13:07:58 - [TEST_STEP][PASSED] - click(findTestObject("Object Repository/TC_CURA_Make_Appointment_01_OR/Page_CURA Healthcare Service/td_9")): Object: 'Object Repository/TC_CURA_Make_Appointment_01_OR/Page_CURA Healthcare Service/td_9' is clicked on

01-02-2024T13:07:58 - [MESSAGE][PASSED] - Object: 'Object Repository/TC_CURA_Make_Appointment_01_OR/Page_CURA Healthcare Service/td_9' is clicked on

01-02-2024T13:07:58 - [TEST_STEP][PASSED] - setText(findTestObject("Object Repository/TC_CURA_Make_Appointment_01_OR/Page_CURA Healthcare Service/textarea_comment"), "Book Appointment on the date 09/01/2024"): Text 'Book Appointment on the date 09/01/2024' is set on object 'Object Repository/TC_CURA_Make_Appointment_01_OR/Page_CURA Healthcare Service/textarea_comment'

01-02-2024T13:07:59 - [MESSAGE][PASSED] - Text 'Book Appointment on the date 09/01/2024' is set on object 'Object Repository/TC_CURA_Make_Appointment_01_OR/Page_CURA Healthcare Service/textarea_comment'

01-02-2024T13:07:59 - [TEST_STEP][PASSED] - click(findTestObject("Object Repository/TC_CURA_Make_Appointment_01_OR/Page_CURA Healthcare Service/button_Book Appointment")): Object: 'Object Repository/TC_CURA_Make_Appointment_01_OR/Page_CURA Healthcare Service/button_Book Appointment' is clicked on

01-02-2024T13:08:00 - [MESSAGE][PASSED] - Object: 'Object Repository/TC_CURA_Make_Appointment_01_OR/Page_CURA Healthcare Service/button_Book Appointment' is clicked on

01-02-2024T13:08:00 - [TEST_STEP][PASSED] - closeBrowser(): Browser is closed

01-02-2024T13:08:00 - [MESSAGE][PASSED] - Browser is closed]]></system-out>
         <system-err><![CDATA[]]></system-err>
      </testcase>
      <testcase name="Test Cases/TC_CURA_Make_Appointments/TC_CURA_Make_Appointment_02" time="15.444" classname="Test Cases/TC_CURA_Make_Appointments/TC_CURA_Make_Appointment_02" status="PASSED">
         <system-out><![CDATA[01-02-2024T13:08:00 - [TEST_CASE][PASSED] - Test Cases/TC_CURA_Make_Appointments/TC_CURA_Make_Appointment_02: Test Cases/TC_CURA_Make_Appointments/TC_CURA_Make_Appointment_02

01-02-2024T13:08:00 - [TEST_STEP][PASSED] - openBrowser(""): Browser is opened with url: ''

01-02-2024T13:08:00 - [MESSAGE][INFO] - Starting 'Chrome' driver

01-02-2024T13:08:00 - [MESSAGE][INFO] - Action delay is set to 0 milliseconds

01-02-2024T13:08:01 - [MESSAGE][PASSED] - Browser is opened with url: ''

01-02-2024T13:08:01 - [TEST_STEP][PASSED] - navigateToUrl("https://katalon-demo-cura.herokuapp.com/"): Navigate to 'https://katalon-demo-cura.herokuapp.com/' successfully

01-02-2024T13:08:04 - [MESSAGE][PASSED] - Navigate to 'https://katalon-demo-cura.herokuapp.com/' successfully

01-02-2024T13:08:04 - [TEST_STEP][PASSED] - click(findTestObject("Object Repository/TC_CURA_Make_Appointment_02_OR/Page_CURA Healthcare Service/a_Make Appointment")): Object: 'Object Repository/TC_CURA_Make_Appointment_02_OR/Page_CURA Healthcare Service/a_Make Appointment' is clicked on

01-02-2024T13:08:05 - [MESSAGE][PASSED] - Object: 'Object Repository/TC_CURA_Make_Appointment_02_OR/Page_CURA Healthcare Service/a_Make Appointment' is clicked on

01-02-2024T13:08:05 - [TEST_STEP][PASSED] - setText(findTestObject("Object Repository/TC_CURA_Make_Appointment_02_OR/Page_CURA Healthcare Service/input_username"), "John Doe"): Text 'John Doe' is set on object 'Object Repository/TC_CURA_Make_Appointment_02_OR/Page_CURA Healthcare Service/input_username'

01-02-2024T13:08:06 - [MESSAGE][PASSED] - Text 'John Doe' is set on object 'Object Repository/TC_CURA_Make_Appointment_02_OR/Page_CURA Healthcare Service/input_username'

01-02-2024T13:08:06 - [TEST_STEP][PASSED] - setEncryptedText(findTestObject("Object Repository/TC_CURA_Make_Appointment_02_OR/Page_CURA Healthcare Service/input_password"), "g3/DOGG74jC3Flrr3yH+3D/yKbOqqUNM"): Text ****** has been set on object 'Object Repository/TC_CURA_Make_Appointment_02_OR/Page_CURA Healthcare Service/input_password'

01-02-2024T13:08:06 - [MESSAGE][PASSED] - Text ****** has been set on object 'Object Repository/TC_CURA_Make_Appointment_02_OR/Page_CURA Healthcare Service/input_password'

01-02-2024T13:08:06 - [TEST_STEP][PASSED] - click(findTestObject("Object Repository/TC_CURA_Make_Appointment_02_OR/Page_CURA Healthcare Service/button_Login")): Object: 'Object Repository/TC_CURA_Make_Appointment_02_OR/Page_CURA Healthcare Service/button_Login' is clicked on

01-02-2024T13:08:08 - [MESSAGE][PASSED] - Object: 'Object Repository/TC_CURA_Make_Appointment_02_OR/Page_CURA Healthcare Service/button_Login' is clicked on

01-02-2024T13:08:08 - [TEST_STEP][PASSED] - click(findTestObject("Object Repository/TC_CURA_Make_Appointment_02_OR/Page_CURA Healthcare Service/div_input-group-addon")): Object: 'Object Repository/TC_CURA_Make_Appointment_02_OR/Page_CURA Healthcare Service/div_input-group-addon' is clicked on

01-02-2024T13:08:08 - [MESSAGE][PASSED] - Object: 'Object Repository/TC_CURA_Make_Appointment_02_OR/Page_CURA Healthcare Service/div_input-group-addon' is clicked on

01-02-2024T13:08:08 - [TEST_STEP][PASSED] - click(findTestObject("Object Repository/TC_CURA_Make_Appointment_02_OR/Page_CURA Healthcare Service/td_30")): Object: 'Object Repository/TC_CURA_Make_Appointment_02_OR/Page_CURA Healthcare Service/td_30' is clicked on

01-02-2024T13:08:09 - [MESSAGE][PASSED] - Object: 'Object Repository/TC_CURA_Make_Appointment_02_OR/Page_CURA Healthcare Service/td_30' is clicked on

01-02-2024T13:08:09 - [TEST_STEP][PASSED] - click(findTestObject("Object Repository/TC_CURA_Make_Appointment_02_OR/Page_CURA Healthcare Service/td_9")): Object: 'Object Repository/TC_CURA_Make_Appointment_02_OR/Page_CURA Healthcare Service/td_9' is clicked on

01-02-2024T13:08:09 - [MESSAGE][PASSED] - Object: 'Object Repository/TC_CURA_Make_Appointment_02_OR/Page_CURA Healthcare Service/td_9' is clicked on

01-02-2024T13:08:09 - [TEST_STEP][PASSED] - setText(findTestObject("Object Repository/TC_CURA_Make_Appointment_02_OR/Page_CURA Healthcare Service/textarea_comment"), "Book Appointment on the date 09/01/2024"): Text 'Book Appointment on the date 09/01/2024' is set on object 'Object Repository/TC_CURA_Make_Appointment_02_OR/Page_CURA Healthcare Service/textarea_comment'

01-02-2024T13:08:10 - [MESSAGE][PASSED] - Text 'Book Appointment on the date 09/01/2024' is set on object 'Object Repository/TC_CURA_Make_Appointment_02_OR/Page_CURA Healthcare Service/textarea_comment'

01-02-2024T13:08:10 - [TEST_STEP][PASSED] - click(findTestObject("Object Repository/TC_CURA_Make_Appointment_02_OR/Page_CURA Healthcare Service/button_Book Appointment")): Object: 'Object Repository/TC_CURA_Make_Appointment_02_OR/Page_CURA Healthcare Service/button_Book Appointment' is clicked on

01-02-2024T13:08:11 - [MESSAGE][PASSED] - Object: 'Object Repository/TC_CURA_Make_Appointment_02_OR/Page_CURA Healthcare Service/button_Book Appointment' is clicked on

01-02-2024T13:08:11 - [TEST_STEP][PASSED] - click(findTestObject("Object Repository/TC_CURA_Make_Appointment_02_OR/Page_CURA Healthcare Service/a_Go to Homepage")): Object: 'Object Repository/TC_CURA_Make_Appointment_02_OR/Page_CURA Healthcare Service/a_Go to Homepage' is clicked on

01-02-2024T13:08:12 - [MESSAGE][PASSED] - Object: 'Object Repository/TC_CURA_Make_Appointment_02_OR/Page_CURA Healthcare Service/a_Go to Homepage' is clicked on

01-02-2024T13:08:12 - [TEST_STEP][PASSED] - click(findTestObject("Object Repository/TC_CURA_Make_Appointment_02_OR/Page_CURA Healthcare Service/a_Make Appointment_1")): Object: 'Object Repository/TC_CURA_Make_Appointment_02_OR/Page_CURA Healthcare Service/a_Make Appointment_1' is clicked on

01-02-2024T13:08:12 - [MESSAGE][PASSED] - Object: 'Object Repository/TC_CURA_Make_Appointment_02_OR/Page_CURA Healthcare Service/a_Make Appointment_1' is clicked on

01-02-2024T13:08:12 - [TEST_STEP][PASSED] - click(findTestObject("Object Repository/TC_CURA_Make_Appointment_02_OR/Page_CURA Healthcare Service/div_input-group-addon")): Object: 'Object Repository/TC_CURA_Make_Appointment_02_OR/Page_CURA Healthcare Service/div_input-group-addon' is clicked on

01-02-2024T13:08:13 - [MESSAGE][PASSED] - Object: 'Object Repository/TC_CURA_Make_Appointment_02_OR/Page_CURA Healthcare Service/div_input-group-addon' is clicked on

01-02-2024T13:08:13 - [TEST_STEP][PASSED] - click(findTestObject("Object Repository/TC_CURA_Make_Appointment_02_OR/Page_CURA Healthcare Service/td_30")): Object: 'Object Repository/TC_CURA_Make_Appointment_02_OR/Page_CURA Healthcare Service/td_30' is clicked on

01-02-2024T13:08:14 - [MESSAGE][PASSED] - Object: 'Object Repository/TC_CURA_Make_Appointment_02_OR/Page_CURA Healthcare Service/td_30' is clicked on

01-02-2024T13:08:14 - [TEST_STEP][PASSED] - setText(findTestObject("Object Repository/TC_CURA_Make_Appointment_02_OR/Page_CURA Healthcare Service/textarea_comment"), "Book Appointment on the date 30/01/2024"): Text 'Book Appointment on the date 30/01/2024' is set on object 'Object Repository/TC_CURA_Make_Appointment_02_OR/Page_CURA Healthcare Service/textarea_comment'

01-02-2024T13:08:15 - [MESSAGE][PASSED] - Text 'Book Appointment on the date 30/01/2024' is set on object 'Object Repository/TC_CURA_Make_Appointment_02_OR/Page_CURA Healthcare Service/textarea_comment'

01-02-2024T13:08:15 - [TEST_STEP][PASSED] - click(findTestObject("Object Repository/TC_CURA_Make_Appointment_02_OR/Page_CURA Healthcare Service/button_Book Appointment")): Object: 'Object Repository/TC_CURA_Make_Appointment_02_OR/Page_CURA Healthcare Service/button_Book Appointment' is clicked on

01-02-2024T13:08:15 - [MESSAGE][PASSED] - Object: 'Object Repository/TC_CURA_Make_Appointment_02_OR/Page_CURA Healthcare Service/button_Book Appointment' is clicked on

01-02-2024T13:08:15 - [TEST_STEP][PASSED] - closeBrowser(): Browser is closed

01-02-2024T13:08:16 - [MESSAGE][PASSED] - Browser is closed]]></system-out>
         <system-err><![CDATA[]]></system-err>
      </testcase>
      <testcase name="Test Cases/TC_CURA_Make_Appointments/TC_CURA_Make_Appointment_03" time="10.984" classname="Test Cases/TC_CURA_Make_Appointments/TC_CURA_Make_Appointment_03" status="PASSED">
         <system-out><![CDATA[01-02-2024T13:08:16 - [TEST_CASE][PASSED] - Test Cases/TC_CURA_Make_Appointments/TC_CURA_Make_Appointment_03: Test Cases/TC_CURA_Make_Appointments/TC_CURA_Make_Appointment_03

01-02-2024T13:08:16 - [TEST_STEP][PASSED] - openBrowser(""): Browser is opened with url: ''

01-02-2024T13:08:16 - [MESSAGE][INFO] - Starting 'Chrome' driver

01-02-2024T13:08:16 - [MESSAGE][INFO] - Action delay is set to 0 milliseconds

01-02-2024T13:08:17 - [MESSAGE][PASSED] - Browser is opened with url: ''

01-02-2024T13:08:17 - [TEST_STEP][PASSED] - navigateToUrl("https://katalon-demo-cura.herokuapp.com/"): Navigate to 'https://katalon-demo-cura.herokuapp.com/' successfully

01-02-2024T13:08:19 - [MESSAGE][PASSED] - Navigate to 'https://katalon-demo-cura.herokuapp.com/' successfully

01-02-2024T13:08:19 - [TEST_STEP][PASSED] - click(findTestObject("Object Repository/TC_CURA_Make_Appointment_03_OR/Page_CURA Healthcare Service/a_Make Appointment")): Object: 'Object Repository/TC_CURA_Make_Appointment_03_OR/Page_CURA Healthcare Service/a_Make Appointment' is clicked on

01-02-2024T13:08:20 - [MESSAGE][PASSED] - Object: 'Object Repository/TC_CURA_Make_Appointment_03_OR/Page_CURA Healthcare Service/a_Make Appointment' is clicked on

01-02-2024T13:08:20 - [TEST_STEP][PASSED] - setText(findTestObject("Object Repository/TC_CURA_Make_Appointment_03_OR/Page_CURA Healthcare Service/input_username"), "John Doe"): Text 'John Doe' is set on object 'Object Repository/TC_CURA_Make_Appointment_03_OR/Page_CURA Healthcare Service/input_username'

01-02-2024T13:08:21 - [MESSAGE][PASSED] - Text 'John Doe' is set on object 'Object Repository/TC_CURA_Make_Appointment_03_OR/Page_CURA Healthcare Service/input_username'

01-02-2024T13:08:21 - [TEST_STEP][PASSED] - setEncryptedText(findTestObject("Object Repository/TC_CURA_Make_Appointment_03_OR/Page_CURA Healthcare Service/input_password"), "g3/DOGG74jC3Flrr3yH+3D/yKbOqqUNM"): Text ****** has been set on object 'Object Repository/TC_CURA_Make_Appointment_03_OR/Page_CURA Healthcare Service/input_password'

01-02-2024T13:08:22 - [MESSAGE][PASSED] - Text ****** has been set on object 'Object Repository/TC_CURA_Make_Appointment_03_OR/Page_CURA Healthcare Service/input_password'

01-02-2024T13:08:22 - [TEST_STEP][PASSED] - click(findTestObject("Object Repository/TC_CURA_Make_Appointment_03_OR/Page_CURA Healthcare Service/button_Login")): Object: 'Object Repository/TC_CURA_Make_Appointment_03_OR/Page_CURA Healthcare Service/button_Login' is clicked on

01-02-2024T13:08:23 - [MESSAGE][PASSED] - Object: 'Object Repository/TC_CURA_Make_Appointment_03_OR/Page_CURA Healthcare Service/button_Login' is clicked on

01-02-2024T13:08:23 - [TEST_STEP][PASSED] - click(findTestObject("Object Repository/TC_CURA_Make_Appointment_03_OR/Page_CURA Healthcare Service/span_glyphicon glyphicon-calendar")): Object: 'Object Repository/TC_CURA_Make_Appointment_03_OR/Page_CURA Healthcare Service/span_glyphicon glyphicon-calendar' is clicked on

01-02-2024T13:08:23 - [MESSAGE][PASSED] - Object: 'Object Repository/TC_CURA_Make_Appointment_03_OR/Page_CURA Healthcare Service/span_glyphicon glyphicon-calendar' is clicked on

01-02-2024T13:08:23 - [TEST_STEP][PASSED] - click(findTestObject("Object Repository/TC_CURA_Make_Appointment_03_OR/Page_CURA Healthcare Service/td_30")): Object: 'Object Repository/TC_CURA_Make_Appointment_03_OR/Page_CURA Healthcare Service/td_30' is clicked on

01-02-2024T13:08:24 - [MESSAGE][PASSED] - Object: 'Object Repository/TC_CURA_Make_Appointment_03_OR/Page_CURA Healthcare Service/td_30' is clicked on

01-02-2024T13:08:24 - [TEST_STEP][PASSED] - click(findTestObject("Object Repository/TC_CURA_Make_Appointment_03_OR/Page_CURA Healthcare Service/td_9")): Object: 'Object Repository/TC_CURA_Make_Appointment_03_OR/Page_CURA Healthcare Service/td_9' is clicked on

01-02-2024T13:08:25 - [MESSAGE][PASSED] - Object: 'Object Repository/TC_CURA_Make_Appointment_03_OR/Page_CURA Healthcare Service/td_9' is clicked on

01-02-2024T13:08:25 - [TEST_STEP][PASSED] - setText(findTestObject("Object Repository/TC_CURA_Make_Appointment_03_OR/Page_CURA Healthcare Service/textarea_comment"), "Book Appointment on the date 09/01/2024"): Text 'Book Appointment on the date 09/01/2024' is set on object 'Object Repository/TC_CURA_Make_Appointment_03_OR/Page_CURA Healthcare Service/textarea_comment'

01-02-2024T13:08:26 - [MESSAGE][PASSED] - Text 'Book Appointment on the date 09/01/2024' is set on object 'Object Repository/TC_CURA_Make_Appointment_03_OR/Page_CURA Healthcare Service/textarea_comment'

01-02-2024T13:08:26 - [TEST_STEP][PASSED] - closeBrowser(): Browser is closed

01-02-2024T13:08:27 - [MESSAGE][PASSED] - Browser is closed]]></system-out>
         <system-err><![CDATA[]]></system-err>
      </testcase>
      <testcase name="Test Cases/TC_CURA_Logins/TC_CURA_Login_01" time="8.522" classname="Test Cases/TC_CURA_Logins/TC_CURA_Login_01" status="PASSED">
         <system-out><![CDATA[01-02-2024T13:08:27 - [TEST_CASE][PASSED] - Test Cases/TC_CURA_Logins/TC_CURA_Login_01: Test Cases/TC_CURA_Logins/TC_CURA_Login_01

01-02-2024T13:08:27 - [TEST_STEP][PASSED] - openBrowser(""): Browser is opened with url: ''

01-02-2024T13:08:27 - [MESSAGE][INFO] - Starting 'Chrome' driver

01-02-2024T13:08:27 - [MESSAGE][INFO] - Action delay is set to 0 milliseconds

01-02-2024T13:08:28 - [MESSAGE][PASSED] - Browser is opened with url: ''

01-02-2024T13:08:28 - [TEST_STEP][PASSED] - navigateToUrl("https://katalon-demo-cura.herokuapp.com/"): Navigate to 'https://katalon-demo-cura.herokuapp.com/' successfully

01-02-2024T13:08:30 - [MESSAGE][PASSED] - Navigate to 'https://katalon-demo-cura.herokuapp.com/' successfully

01-02-2024T13:08:30 - [TEST_STEP][PASSED] - click(findTestObject("Object Repository/TC_CURA_Login_01_OR/Page_CURA Healthcare Service/a_Make Appointment")): Object: 'Object Repository/TC_CURA_Login_01_OR/Page_CURA Healthcare Service/a_Make Appointment' is clicked on

01-02-2024T13:08:31 - [MESSAGE][PASSED] - Object: 'Object Repository/TC_CURA_Login_01_OR/Page_CURA Healthcare Service/a_Make Appointment' is clicked on

01-02-2024T13:08:31 - [TEST_STEP][PASSED] - click(findTestObject("Object Repository/TC_CURA_Login_01_OR/Page_CURA Healthcare Service/body_CURA Healthcare                       _fb9a78")): Object: 'Object Repository/TC_CURA_Login_01_OR/Page_CURA Healthcare Service/body_CURA Healthcare                       _fb9a78' is clicked on

01-02-2024T13:08:31 - [MESSAGE][PASSED] - Object: 'Object Repository/TC_CURA_Login_01_OR/Page_CURA Healthcare Service/body_CURA Healthcare                       _fb9a78' is clicked on

01-02-2024T13:08:31 - [TEST_STEP][PASSED] - click(findTestObject("Object Repository/TC_CURA_Login_01_OR/Page_CURA Healthcare Service/input_username")): Object: 'Object Repository/TC_CURA_Login_01_OR/Page_CURA Healthcare Service/input_username' is clicked on

01-02-2024T13:08:32 - [MESSAGE][PASSED] - Object: 'Object Repository/TC_CURA_Login_01_OR/Page_CURA Healthcare Service/input_username' is clicked on

01-02-2024T13:08:32 - [TEST_STEP][PASSED] - click(findTestObject("Object Repository/TC_CURA_Login_01_OR/Page_CURA Healthcare Service/body_CURA Healthcare                       _fb9a78_1")): Object: 'Object Repository/TC_CURA_Login_01_OR/Page_CURA Healthcare Service/body_CURA Healthcare                       _fb9a78_1' is clicked on

01-02-2024T13:08:32 - [MESSAGE][PASSED] - Object: 'Object Repository/TC_CURA_Login_01_OR/Page_CURA Healthcare Service/body_CURA Healthcare                       _fb9a78_1' is clicked on

01-02-2024T13:08:32 - [TEST_STEP][PASSED] - setText(findTestObject("Object Repository/TC_CURA_Login_01_OR/Page_CURA Healthcare Service/input_username"), "John Doe"): Text 'John Doe' is set on object 'Object Repository/TC_CURA_Login_01_OR/Page_CURA Healthcare Service/input_username'

01-02-2024T13:08:33 - [MESSAGE][PASSED] - Text 'John Doe' is set on object 'Object Repository/TC_CURA_Login_01_OR/Page_CURA Healthcare Service/input_username'

01-02-2024T13:08:33 - [TEST_STEP][PASSED] - setEncryptedText(findTestObject("Object Repository/TC_CURA_Login_01_OR/Page_CURA Healthcare Service/input_password"), "g3/DOGG74jC3Flrr3yH+3D/yKbOqqUNM"): Text ****** has been set on object 'Object Repository/TC_CURA_Login_01_OR/Page_CURA Healthcare Service/input_password'

01-02-2024T13:08:33 - [MESSAGE][PASSED] - Text ****** has been set on object 'Object Repository/TC_CURA_Login_01_OR/Page_CURA Healthcare Service/input_password'

01-02-2024T13:08:33 - [TEST_STEP][PASSED] - click(findTestObject("Object Repository/TC_CURA_Login_01_OR/Page_CURA Healthcare Service/button_Login")): Object: 'Object Repository/TC_CURA_Login_01_OR/Page_CURA Healthcare Service/button_Login' is clicked on

01-02-2024T13:08:35 - [MESSAGE][PASSED] - Object: 'Object Repository/TC_CURA_Login_01_OR/Page_CURA Healthcare Service/button_Login' is clicked on

01-02-2024T13:08:35 - [TEST_STEP][PASSED] - closeBrowser(): Browser is closed

01-02-2024T13:08:35 - [MESSAGE][PASSED] - Browser is closed]]></system-out>
         <system-err><![CDATA[]]></system-err>
      </testcase>
      <system-out><![CDATA[01-02-2024T13:07:45 - [TEST_SUITE][PASSED] - TC_CURA_TestSuite_Make_Appointments_01: Test Cases/TC_CURA_Logins/TC_CURA_Login_01]]></system-out>
      <system-err><![CDATA[]]></system-err>
   </testsuite>
</testsuites>
