<?xml version="1.0" encoding="UTF-8"?>
<testsuites name="TC_CURA_TestSuite_Login_01" time="31.58" tests="3" failures="0" errors="0">
   <testsuite name="TC_CURA_TestSuite_Login_01" tests="3" failures="0" errors="0" time="31.58" skipped="0" timestamp="01-02-2024T13:25:01" hostname="Voorukonda - DESKTOP-3O0N4S4" id="Test Suites/TC_CURA_TestSuites/TC_CURA_TestSuite_Login_01">
      <properties>
         <property name="deviceName" value=""/>
         <property name="devicePlatform" value=""/>
         <property name="logFolder" value="C:\\Users\\Voorukonda\\git\\Katalon_Automation_CURA_HealthacareServices\\Reports\\20240201_132450\\TC_CURA_TestSuites\\TC_CURA_TestSuite_Login_01\\20240201_132451"/>
         <property name="logFiles" value="C:\\Users\\Voorukonda\\git\\Katalon_Automation_CURA_HealthacareServices\\Reports\\20240201_132450\\TC_CURA_TestSuites\\TC_CURA_TestSuite_Login_01\\20240201_132451\\execution0.log"/>
         <property name="attachments" value=""/>
         <property name="hostName" value="Voorukonda - DESKTOP-3O0N4S4"/>
         <property name="os" value="Windows 11 64bit"/>
         <property name="katalonVersion" value="9.1.0.212"/>
         <property name="browser" value="Chrome 121.0.0.0"/>
         <property name="hostAddress" value="192.168.1.129"/>
         <property name="sessionId" value="abaf4a6dab48516a99fcc4354d1ba0ab"/>
         <property name="seleniumVersion" value="3.141.59"/>
         <property name="proxyInformation" value="ProxyInformation { proxyOption=NO_PROXY, proxyServerType=HTTP, username=, password=********, proxyServerAddress=, proxyServerPort=0, executionList=&quot;&quot;, isApplyToDesiredCapabilities=true }"/>
         <property name="platform" value="Windows 11"/>
      </properties>
      <testcase name="Test Cases/TC_CURA_Logins/TC_CURA_Login_01" time="12.356" classname="Test Cases/TC_CURA_Logins/TC_CURA_Login_01" status="PASSED">
         <system-out><![CDATA[01-02-2024T13:25:01 - [TEST_CASE][PASSED] - Test Cases/TC_CURA_Logins/TC_CURA_Login_01: Test Cases/TC_CURA_Logins/TC_CURA_Login_01

01-02-2024T13:25:02 - [TEST_STEP][PASSED] - openBrowser(""): Browser is opened with url: ''

01-02-2024T13:25:03 - [MESSAGE][INFO] - Starting 'Chrome' driver

01-02-2024T13:25:03 - [MESSAGE][INFO] - Action delay is set to 0 milliseconds

01-02-2024T13:25:05 - [MESSAGE][PASSED] - Browser is opened with url: ''

01-02-2024T13:25:05 - [TEST_STEP][PASSED] - navigateToUrl("https://katalon-demo-cura.herokuapp.com/"): Navigate to 'https://katalon-demo-cura.herokuapp.com/' successfully

01-02-2024T13:25:08 - [MESSAGE][PASSED] - Navigate to 'https://katalon-demo-cura.herokuapp.com/' successfully

01-02-2024T13:25:08 - [TEST_STEP][PASSED] - click(findTestObject("Object Repository/TC_CURA_Login_01_OR/Page_CURA Healthcare Service/a_Make Appointment")): Object: 'Object Repository/TC_CURA_Login_01_OR/Page_CURA Healthcare Service/a_Make Appointment' is clicked on

01-02-2024T13:25:09 - [MESSAGE][PASSED] - Object: 'Object Repository/TC_CURA_Login_01_OR/Page_CURA Healthcare Service/a_Make Appointment' is clicked on

01-02-2024T13:25:09 - [TEST_STEP][PASSED] - click(findTestObject("Object Repository/TC_CURA_Login_01_OR/Page_CURA Healthcare Service/body_CURA Healthcare                       _fb9a78")): Object: 'Object Repository/TC_CURA_Login_01_OR/Page_CURA Healthcare Service/body_CURA Healthcare                       _fb9a78' is clicked on

01-02-2024T13:25:09 - [MESSAGE][PASSED] - Object: 'Object Repository/TC_CURA_Login_01_OR/Page_CURA Healthcare Service/body_CURA Healthcare                       _fb9a78' is clicked on

01-02-2024T13:25:09 - [TEST_STEP][PASSED] - click(findTestObject("Object Repository/TC_CURA_Login_01_OR/Page_CURA Healthcare Service/input_username")): Object: 'Object Repository/TC_CURA_Login_01_OR/Page_CURA Healthcare Service/input_username' is clicked on

01-02-2024T13:25:10 - [MESSAGE][PASSED] - Object: 'Object Repository/TC_CURA_Login_01_OR/Page_CURA Healthcare Service/input_username' is clicked on

01-02-2024T13:25:10 - [TEST_STEP][PASSED] - click(findTestObject("Object Repository/TC_CURA_Login_01_OR/Page_CURA Healthcare Service/body_CURA Healthcare                       _fb9a78_1")): Object: 'Object Repository/TC_CURA_Login_01_OR/Page_CURA Healthcare Service/body_CURA Healthcare                       _fb9a78_1' is clicked on

01-02-2024T13:25:10 - [MESSAGE][PASSED] - Object: 'Object Repository/TC_CURA_Login_01_OR/Page_CURA Healthcare Service/body_CURA Healthcare                       _fb9a78_1' is clicked on

01-02-2024T13:25:10 - [TEST_STEP][PASSED] - setText(findTestObject("Object Repository/TC_CURA_Login_01_OR/Page_CURA Healthcare Service/input_username"), "John Doe"): Text 'John Doe' is set on object 'Object Repository/TC_CURA_Login_01_OR/Page_CURA Healthcare Service/input_username'

01-02-2024T13:25:11 - [MESSAGE][PASSED] - Text 'John Doe' is set on object 'Object Repository/TC_CURA_Login_01_OR/Page_CURA Healthcare Service/input_username'

01-02-2024T13:25:11 - [TEST_STEP][PASSED] - setEncryptedText(findTestObject("Object Repository/TC_CURA_Login_01_OR/Page_CURA Healthcare Service/input_password"), "g3/DOGG74jC3Flrr3yH+3D/yKbOqqUNM"): Text ****** has been set on object 'Object Repository/TC_CURA_Login_01_OR/Page_CURA Healthcare Service/input_password'

01-02-2024T13:25:12 - [MESSAGE][PASSED] - Text ****** has been set on object 'Object Repository/TC_CURA_Login_01_OR/Page_CURA Healthcare Service/input_password'

01-02-2024T13:25:12 - [TEST_STEP][PASSED] - click(findTestObject("Object Repository/TC_CURA_Login_01_OR/Page_CURA Healthcare Service/button_Login")): Object: 'Object Repository/TC_CURA_Login_01_OR/Page_CURA Healthcare Service/button_Login' is clicked on

01-02-2024T13:25:13 - [MESSAGE][PASSED] - Object: 'Object Repository/TC_CURA_Login_01_OR/Page_CURA Healthcare Service/button_Login' is clicked on

01-02-2024T13:25:13 - [TEST_STEP][PASSED] - closeBrowser(): Browser is closed

01-02-2024T13:25:13 - [MESSAGE][PASSED] - Browser is closed]]></system-out>
         <system-err><![CDATA[]]></system-err>
      </testcase>
      <testcase name="Test Cases/TC_CURA_Logins/TC_CURA_Login_02" time="9.426" classname="Test Cases/TC_CURA_Logins/TC_CURA_Login_02" status="PASSED">
         <system-out><![CDATA[01-02-2024T13:25:14 - [TEST_CASE][PASSED] - Test Cases/TC_CURA_Logins/TC_CURA_Login_02: Test Cases/TC_CURA_Logins/TC_CURA_Login_02

01-02-2024T13:25:14 - [TEST_STEP][PASSED] - openBrowser(""): Browser is opened with url: ''

01-02-2024T13:25:14 - [MESSAGE][INFO] - Starting 'Chrome' driver

01-02-2024T13:25:14 - [MESSAGE][INFO] - Action delay is set to 0 milliseconds

01-02-2024T13:25:15 - [MESSAGE][PASSED] - Browser is opened with url: ''

01-02-2024T13:25:15 - [TEST_STEP][PASSED] - navigateToUrl("https://katalon-demo-cura.herokuapp.com/"): Navigate to 'https://katalon-demo-cura.herokuapp.com/' successfully

01-02-2024T13:25:17 - [MESSAGE][PASSED] - Navigate to 'https://katalon-demo-cura.herokuapp.com/' successfully

01-02-2024T13:25:17 - [TEST_STEP][PASSED] - click(findTestObject("Object Repository/TC_CURA_Login_02_OR/Page_CURA Healthcare Service/i_fa fa-bars")): Object: 'Object Repository/TC_CURA_Login_02_OR/Page_CURA Healthcare Service/i_fa fa-bars' is clicked on

01-02-2024T13:25:18 - [MESSAGE][PASSED] - Object: 'Object Repository/TC_CURA_Login_02_OR/Page_CURA Healthcare Service/i_fa fa-bars' is clicked on

01-02-2024T13:25:18 - [TEST_STEP][PASSED] - click(findTestObject("Object Repository/TC_CURA_Login_02_OR/Page_CURA Healthcare Service/a_Login")): Object: 'Object Repository/TC_CURA_Login_02_OR/Page_CURA Healthcare Service/a_Login' is clicked on

01-02-2024T13:25:19 - [MESSAGE][PASSED] - Object: 'Object Repository/TC_CURA_Login_02_OR/Page_CURA Healthcare Service/a_Login' is clicked on

01-02-2024T13:25:19 - [TEST_STEP][PASSED] - click(findTestObject("Object Repository/TC_CURA_Login_02_OR/Page_CURA Healthcare Service/input_username")): Object: 'Object Repository/TC_CURA_Login_02_OR/Page_CURA Healthcare Service/input_username' is clicked on

01-02-2024T13:25:19 - [MESSAGE][PASSED] - Object: 'Object Repository/TC_CURA_Login_02_OR/Page_CURA Healthcare Service/input_username' is clicked on

01-02-2024T13:25:19 - [TEST_STEP][PASSED] - click(findTestObject("Object Repository/TC_CURA_Login_02_OR/Page_CURA Healthcare Service/body_CURA Healthcare                       _fb9a78")): Object: 'Object Repository/TC_CURA_Login_02_OR/Page_CURA Healthcare Service/body_CURA Healthcare                       _fb9a78' is clicked on

01-02-2024T13:25:20 - [MESSAGE][PASSED] - Object: 'Object Repository/TC_CURA_Login_02_OR/Page_CURA Healthcare Service/body_CURA Healthcare                       _fb9a78' is clicked on

01-02-2024T13:25:20 - [TEST_STEP][PASSED] - setText(findTestObject("Object Repository/TC_CURA_Login_02_OR/Page_CURA Healthcare Service/input_username"), "John Doe123"): Text 'John Doe123' is set on object 'Object Repository/TC_CURA_Login_02_OR/Page_CURA Healthcare Service/input_username'

01-02-2024T13:25:21 - [MESSAGE][PASSED] - Text 'John Doe123' is set on object 'Object Repository/TC_CURA_Login_02_OR/Page_CURA Healthcare Service/input_username'

01-02-2024T13:25:21 - [TEST_STEP][PASSED] - setEncryptedText(findTestObject("Object Repository/TC_CURA_Login_02_OR/Page_CURA Healthcare Service/input_password"), "g3/DOGG74jC3Flrr3yH+3D/yKbOqqUNM"): Text ****** has been set on object 'Object Repository/TC_CURA_Login_02_OR/Page_CURA Healthcare Service/input_password'

01-02-2024T13:25:21 - [MESSAGE][PASSED] - Text ****** has been set on object 'Object Repository/TC_CURA_Login_02_OR/Page_CURA Healthcare Service/input_password'

01-02-2024T13:25:21 - [TEST_STEP][PASSED] - click(findTestObject("Object Repository/TC_CURA_Login_02_OR/Page_CURA Healthcare Service/button_Login")): Object: 'Object Repository/TC_CURA_Login_02_OR/Page_CURA Healthcare Service/button_Login' is clicked on

01-02-2024T13:25:23 - [MESSAGE][PASSED] - Object: 'Object Repository/TC_CURA_Login_02_OR/Page_CURA Healthcare Service/button_Login' is clicked on

01-02-2024T13:25:23 - [TEST_STEP][PASSED] - closeBrowser(): Browser is closed

01-02-2024T13:25:23 - [MESSAGE][PASSED] - Browser is closed]]></system-out>
         <system-err><![CDATA[]]></system-err>
      </testcase>
      <testcase name="Test Cases/TC_CURA_Logins/TC_CURA_Login_03" time="9.364" classname="Test Cases/TC_CURA_Logins/TC_CURA_Login_03" status="PASSED">
         <system-out><![CDATA[01-02-2024T13:25:23 - [TEST_CASE][PASSED] - Test Cases/TC_CURA_Logins/TC_CURA_Login_03: Test Cases/TC_CURA_Logins/TC_CURA_Login_03

01-02-2024T13:25:23 - [TEST_STEP][PASSED] - openBrowser(""): Browser is opened with url: ''

01-02-2024T13:25:23 - [MESSAGE][INFO] - Starting 'Chrome' driver

01-02-2024T13:25:23 - [MESSAGE][INFO] - Action delay is set to 0 milliseconds

01-02-2024T13:25:24 - [MESSAGE][PASSED] - Browser is opened with url: ''

01-02-2024T13:25:24 - [TEST_STEP][PASSED] - navigateToUrl("https://katalon-demo-cura.herokuapp.com/"): Navigate to 'https://katalon-demo-cura.herokuapp.com/' successfully

01-02-2024T13:25:27 - [MESSAGE][PASSED] - Navigate to 'https://katalon-demo-cura.herokuapp.com/' successfully

01-02-2024T13:25:27 - [TEST_STEP][PASSED] - click(findTestObject("Object Repository/TC_CURA_Login_03_OR/Page_CURA Healthcare Service/i_fa fa-bars")): Object: 'Object Repository/TC_CURA_Login_03_OR/Page_CURA Healthcare Service/i_fa fa-bars' is clicked on

01-02-2024T13:25:27 - [MESSAGE][PASSED] - Object: 'Object Repository/TC_CURA_Login_03_OR/Page_CURA Healthcare Service/i_fa fa-bars' is clicked on

01-02-2024T13:25:27 - [TEST_STEP][PASSED] - click(findTestObject("Object Repository/TC_CURA_Login_03_OR/Page_CURA Healthcare Service/a_Login")): Object: 'Object Repository/TC_CURA_Login_03_OR/Page_CURA Healthcare Service/a_Login' is clicked on

01-02-2024T13:25:28 - [MESSAGE][PASSED] - Object: 'Object Repository/TC_CURA_Login_03_OR/Page_CURA Healthcare Service/a_Login' is clicked on

01-02-2024T13:25:28 - [TEST_STEP][PASSED] - click(findTestObject("Object Repository/TC_CURA_Login_03_OR/Page_CURA Healthcare Service/input_username")): Object: 'Object Repository/TC_CURA_Login_03_OR/Page_CURA Healthcare Service/input_username' is clicked on

01-02-2024T13:25:29 - [MESSAGE][PASSED] - Object: 'Object Repository/TC_CURA_Login_03_OR/Page_CURA Healthcare Service/input_username' is clicked on

01-02-2024T13:25:29 - [TEST_STEP][PASSED] - click(findTestObject("Object Repository/TC_CURA_Login_03_OR/Page_CURA Healthcare Service/body_CURA Healthcare                       _fb9a78")): Object: 'Object Repository/TC_CURA_Login_03_OR/Page_CURA Healthcare Service/body_CURA Healthcare                       _fb9a78' is clicked on

01-02-2024T13:25:29 - [MESSAGE][PASSED] - Object: 'Object Repository/TC_CURA_Login_03_OR/Page_CURA Healthcare Service/body_CURA Healthcare                       _fb9a78' is clicked on

01-02-2024T13:25:29 - [TEST_STEP][PASSED] - setText(findTestObject("Object Repository/TC_CURA_Login_03_OR/Page_CURA Healthcare Service/input_username"), "John Doe"): Text 'John Doe' is set on object 'Object Repository/TC_CURA_Login_03_OR/Page_CURA Healthcare Service/input_username'

01-02-2024T13:25:30 - [MESSAGE][PASSED] - Text 'John Doe' is set on object 'Object Repository/TC_CURA_Login_03_OR/Page_CURA Healthcare Service/input_username'

01-02-2024T13:25:30 - [TEST_STEP][PASSED] - setEncryptedText(findTestObject("Object Repository/TC_CURA_Login_03_OR/Page_CURA Healthcare Service/input_password"), "g3/DOGG74jC3Flrr3yH+3D/yKbOqqUNM"): Text ****** has been set on object 'Object Repository/TC_CURA_Login_03_OR/Page_CURA Healthcare Service/input_password'

01-02-2024T13:25:30 - [MESSAGE][PASSED] - Text ****** has been set on object 'Object Repository/TC_CURA_Login_03_OR/Page_CURA Healthcare Service/input_password'

01-02-2024T13:25:30 - [TEST_STEP][PASSED] - click(findTestObject("Object Repository/TC_CURA_Login_03_OR/Page_CURA Healthcare Service/button_Login")): Object: 'Object Repository/TC_CURA_Login_03_OR/Page_CURA Healthcare Service/button_Login' is clicked on

01-02-2024T13:25:32 - [MESSAGE][PASSED] - Object: 'Object Repository/TC_CURA_Login_03_OR/Page_CURA Healthcare Service/button_Login' is clicked on

01-02-2024T13:25:32 - [TEST_STEP][PASSED] - closeBrowser(): Browser is closed

01-02-2024T13:25:32 - [MESSAGE][PASSED] - Browser is closed]]></system-out>
         <system-err><![CDATA[]]></system-err>
      </testcase>
      <system-out><![CDATA[01-02-2024T13:25:01 - [TEST_SUITE][PASSED] - TC_CURA_TestSuite_Login_01: Test Cases/TC_CURA_Logins/TC_CURA_Login_03]]></system-out>
      <system-err><![CDATA[]]></system-err>
   </testsuite>
</testsuites>
